<?xml version="1.0" encoding="UTF-8"?>
<!-- Generated by org.testng.reporters.JUnitXMLReporter -->
<testsuite ignored="1" hostname="TYUDM" failures="0" tests="1" name="Navigation Test" time="14.99" errors="0" timestamp="04 Jul 2020 20:07:17 GMT">
  <testcase classname="navigation.NavigationTests" name="testSwitchTab" time="0.686"/>
  <testcase classname="navigation.NavigationTests" name="testNavigator" time="0.0">
    <ignored/>
  </testcase> <!-- testNavigator -->
</testsuite> <!-- Navigation Test -->
